{"contracts/NFTicket.sol":{"l":{"34":18,"39":7,"40":7,"41":7,"42":7,"46":0,"51":7,"52":7,"55":7,"56":7,"57":7,"59":7,"60":17,"61":17,"62":17,"63":17,"65":7,"69":7,"70":17,"71":17,"72":17,"73":17,"79":17,"80":17,"82":17,"86":2,"87":1,"91":1,"92":1,"93":1,"94":1,"95":1,"99":1,"100":1,"101":1,"102":3,"103":2,"104":2,"107":1,"113":2,"117":3,"121":7,"125":5,"129":1},"path":"/home/trbiv/OneDrive/School/Spring 2023/senior_design_pt2/NFTicket/contracts/NFTicket.sol","s":{"1":18,"2":7,"3":7,"4":7,"5":0,"6":7,"7":7,"8":7,"9":7,"10":7,"11":7,"12":17,"13":7,"14":7,"15":17,"16":17,"17":17,"18":17,"19":17,"20":2,"21":1,"22":1,"23":1,"24":1,"25":1,"26":1,"27":3,"28":1,"29":2,"30":3,"31":7,"32":5,"33":1},"b":{"1":[7,0],"2":[7,0],"3":[17,0],"4":[17,0],"5":[1,1],"6":[1,0],"7":[2,1]},"f":{"1":18,"2":7,"3":0,"4":7,"5":17,"6":2,"7":1,"8":1,"9":2,"10":3,"11":7,"12":5,"13":1},"fnMap":{"1":{"name":"constructor","line":33,"loc":{"start":{"line":33,"column":4},"end":{"line":35,"column":4}}},"2":{"name":"createEvent","line":38,"loc":{"start":{"line":38,"column":4},"end":{"line":43,"column":4}}},"3":{"name":"setEventUri","line":45,"loc":{"start":{"line":45,"column":4},"end":{"line":47,"column":4}}},"4":{"name":"mintTickets","line":49,"loc":{"start":{"line":49,"column":4},"end":{"line":75,"column":4}}},"5":{"name":"generateTicketId","line":78,"loc":{"start":{"line":78,"column":4},"end":{"line":83,"column":4}}},"6":{"name":"redeemTicket","line":85,"loc":{"start":{"line":85,"column":4},"end":{"line":88,"column":4}}},"7":{"name":"transferTicket","line":90,"loc":{"start":{"line":90,"column":4},"end":{"line":96,"column":4}}},"8":{"name":"removeTicketId","line":98,"loc":{"start":{"line":98,"column":4},"end":{"line":108,"column":4}}},"9":{"name":"getLastEventId","line":112,"loc":{"start":{"line":112,"column":4},"end":{"line":114,"column":4}}},"10":{"name":"getEventInfo","line":116,"loc":{"start":{"line":116,"column":4},"end":{"line":118,"column":4}}},"11":{"name":"getAllOwnedTickets","line":120,"loc":{"start":{"line":120,"column":4},"end":{"line":122,"column":4}}},"12":{"name":"getTicketInfo","line":124,"loc":{"start":{"line":124,"column":4},"end":{"line":126,"column":4}}},"13":{"name":"getRemainingAvailTickets","line":128,"loc":{"start":{"line":128,"column":4},"end":{"line":130,"column":4}}}},"statementMap":{"1":{"start":{"line":34,"column":8},"end":{"line":34,"column":31}},"2":{"start":{"line":39,"column":8},"end":{"line":39,"column":48}},"3":{"start":{"line":40,"column":8},"end":{"line":40,"column":31}},"4":{"start":{"line":42,"column":8},"end":{"line":42,"column":22}},"5":{"start":{"line":46,"column":8},"end":{"line":46,"column":24}},"6":{"start":{"line":51,"column":8},"end":{"line":51,"column":98}},"7":{"start":{"line":52,"column":8},"end":{"line":52,"column":57}},"8":{"start":{"line":55,"column":8},"end":{"line":55,"column":52}},"9":{"start":{"line":56,"column":8},"end":{"line":56,"column":56}},"10":{"start":{"line":57,"column":8},"end":{"line":57,"column":66}},"11":{"start":{"line":59,"column":8},"end":{"line":59,"column":2408}},"12":{"start":{"line":60,"column":12},"end":{"line":60,"column":72}},"13":{"start":{"line":65,"column":8},"end":{"line":65,"column":47}},"14":{"start":{"line":69,"column":8},"end":{"line":69,"column":2844}},"15":{"start":{"line":70,"column":12},"end":{"line":70,"column":46}},"16":{"start":{"line":72,"column":12},"end":{"line":72,"column":51}},"17":{"start":{"line":79,"column":8},"end":{"line":79,"column":65}},"18":{"start":{"line":80,"column":8},"end":{"line":80,"column":80}},"19":{"start":{"line":82,"column":8},"end":{"line":82,"column":47}},"20":{"start":{"line":86,"column":8},"end":{"line":86,"column":104}},"21":{"start":{"line":91,"column":8},"end":{"line":91,"column":106}},"22":{"start":{"line":92,"column":8},"end":{"line":92,"column":63}},"23":{"start":{"line":95,"column":8},"end":{"line":95,"column":48}},"24":{"start":{"line":99,"column":8},"end":{"line":99,"column":75}},"25":{"start":{"line":100,"column":8},"end":{"line":100,"column":21}},"26":{"start":{"line":101,"column":8},"end":{"line":101,"column":4522}},"27":{"start":{"line":102,"column":12},"end":{"line":102,"column":4584}},"28":{"start":{"line":107,"column":8},"end":{"line":107,"column":27}},"29":{"start":{"line":113,"column":8},"end":{"line":113,"column":41}},"30":{"start":{"line":117,"column":8},"end":{"line":117,"column":36}},"31":{"start":{"line":121,"column":8},"end":{"line":121,"column":42}},"32":{"start":{"line":125,"column":8},"end":{"line":125,"column":38}},"33":{"start":{"line":129,"column":8},"end":{"line":129,"column":53}}},"branchMap":{"1":{"line":51,"type":"if","locations":[{"start":{"line":51,"column":8},"end":{"line":51,"column":8}},{"start":{"line":51,"column":8},"end":{"line":51,"column":8}}]},"2":{"line":52,"type":"if","locations":[{"start":{"line":52,"column":8},"end":{"line":52,"column":8}},{"start":{"line":52,"column":8},"end":{"line":52,"column":8}}]},"3":{"line":79,"type":"if","locations":[{"start":{"line":79,"column":8},"end":{"line":79,"column":8}},{"start":{"line":79,"column":8},"end":{"line":79,"column":8}}]},"4":{"line":80,"type":"if","locations":[{"start":{"line":80,"column":8},"end":{"line":80,"column":8}},{"start":{"line":80,"column":8},"end":{"line":80,"column":8}}]},"5":{"line":86,"type":"if","locations":[{"start":{"line":86,"column":8},"end":{"line":86,"column":8}},{"start":{"line":86,"column":8},"end":{"line":86,"column":8}}]},"6":{"line":91,"type":"if","locations":[{"start":{"line":91,"column":8},"end":{"line":91,"column":8}},{"start":{"line":91,"column":8},"end":{"line":91,"column":8}}]},"7":{"line":102,"type":"if","locations":[{"start":{"line":102,"column":12},"end":{"line":102,"column":12}},{"start":{"line":102,"column":12},"end":{"line":102,"column":12}}]}}}}