{
  "/home/trbiv/OneDrive/School/Spring 2023/senior_design_pt2/NFTicket/front_end/src/pages/Home.jsx": {
    "path": "/home/trbiv/OneDrive/School/Spring 2023/senior_design_pt2/NFTicket/front_end/src/pages/Home.jsx",
    "statementMap": {
      "0": {
        "start": {
          "line": 10,
          "column": 13
        },
        "end": {
          "line": 54,
          "column": 1
        }
      },
      "1": {
        "start": {
          "line": 11,
          "column": 2
        },
        "end": {
          "line": 53,
          "column": 4
        }
      }
    },
    "fnMap": {
      "0": {
        "name": "(anonymous_0)",
        "decl": {
          "start": {
            "line": 10,
            "column": 13
          },
          "end": {
            "line": 10,
            "column": 14
          }
        },
        "loc": {
          "start": {
            "line": 10,
            "column": 19
          },
          "end": {
            "line": 54,
            "column": 1
          }
        },
        "line": 10
      }
    },
    "branchMap": {},
    "s": {
      "0": 24,
      "1": 0
    },
    "f": {
      "0": 0
    },
    "b": {},
    "_coverageSchema": "1a1c01bbd47fc00a2c39e90264f33305004495a9",
    "hash": "d75407d0bd4cc0e7b6f47eb4f05d4ca7eeb56690"
  },
  "/home/trbiv/OneDrive/School/Spring 2023/senior_design_pt2/NFTicket/front_end/src/firebase.js": {
    "path": "/home/trbiv/OneDrive/School/Spring 2023/senior_design_pt2/NFTicket/front_end/src/firebase.js",
    "statementMap": {
      "0": {
        "start": {
          "line": 6,
          "column": 23
        },
        "end": {
          "line": 14,
          "column": 1
        }
      },
      "1": {
        "start": {
          "line": 23,
          "column": 0
        },
        "end": {
          "line": 33,
          "column": 1
        }
      },
      "2": {
        "start": {
          "line": 24,
          "column": 4
        },
        "end": {
          "line": 24,
          "column": 83
        }
      },
      "3": {
        "start": {
          "line": 25,
          "column": 4
        },
        "end": {
          "line": 25,
          "column": 37
        }
      },
      "4": {
        "start": {
          "line": 26,
          "column": 4
        },
        "end": {
          "line": 26,
          "column": 35
        }
      },
      "5": {
        "start": {
          "line": 27,
          "column": 4
        },
        "end": {
          "line": 27,
          "column": 57
        }
      },
      "6": {
        "start": {
          "line": 28,
          "column": 4
        },
        "end": {
          "line": 28,
          "column": 55
        }
      },
      "7": {
        "start": {
          "line": 30,
          "column": 4
        },
        "end": {
          "line": 30,
          "column": 45
        }
      },
      "8": {
        "start": {
          "line": 31,
          "column": 4
        },
        "end": {
          "line": 31,
          "column": 37
        }
      },
      "9": {
        "start": {
          "line": 32,
          "column": 4
        },
        "end": {
          "line": 32,
          "column": 35
        }
      }
    },
    "fnMap": {},
    "branchMap": {
      "0": {
        "loc": {
          "start": {
            "line": 23,
            "column": 0
          },
          "end": {
            "line": 33,
            "column": 1
          }
        },
        "type": "if",
        "locations": [
          {
            "start": {
              "line": 23,
              "column": 0
            },
            "end": {
              "line": 33,
              "column": 1
            }
          },
          {
            "start": {
              "line": 23,
              "column": 0
            },
            "end": {
              "line": 33,
              "column": 1
            }
          }
        ],
        "line": 23
      },
      "1": {
        "loc": {
          "start": {
            "line": 23,
            "column": 4
          },
          "end": {
            "line": 23,
            "column": 88
          }
        },
        "type": "binary-expr",
        "locations": [
          {
            "start": {
              "line": 23,
              "column": 4
            },
            "end": {
              "line": 23,
              "column": 44
            }
          },
          {
            "start": {
              "line": 23,
              "column": 48
            },
            "end": {
              "line": 23,
              "column": 88
            }
          }
        ],
        "line": 23
      }
    },
    "s": {
      "0": 24,
      "1": 24,
      "2": 24,
      "3": 24,
      "4": 24,
      "5": 24,
      "6": 24,
      "7": 0,
      "8": 0,
      "9": 0
    },
    "f": {},
    "b": {
      "0": [
        24,
        0
      ],
      "1": [
        24,
        0
      ]
    },
    "_coverageSchema": "1a1c01bbd47fc00a2c39e90264f33305004495a9",
    "hash": "bf81372d007a28618735c3359a5e2d85ff887285"
  },
  "/home/trbiv/OneDrive/School/Spring 2023/senior_design_pt2/NFTicket/front_end/src/interfaces/NFTicket_interface.js": {
    "path": "/home/trbiv/OneDrive/School/Spring 2023/senior_design_pt2/NFTicket/front_end/src/interfaces/NFTicket_interface.js",
    "statementMap": {
      "0": {
        "start": {
          "line": 4,
          "column": 17
        },
        "end": {
          "line": 4,
          "column": 60
        }
      },
      "1": {
        "start": {
          "line": 6,
          "column": 20
        },
        "end": {
          "line": 6,
          "column": 36
        }
      },
      "2": {
        "start": {
          "line": 8,
          "column": 24
        },
        "end": {
          "line": 8,
          "column": 44
        }
      },
      "3": {
        "start": {
          "line": 10,
          "column": 23
        },
        "end": {
          "line": 13,
          "column": 1
        }
      },
      "4": {
        "start": {
          "line": 11,
          "column": 17
        },
        "end": {
          "line": 11,
          "column": 43
        }
      },
      "5": {
        "start": {
          "line": 12,
          "column": 2
        },
        "end": {
          "line": 12,
          "column": 67
        }
      },
      "6": {
        "start": {
          "line": 15,
          "column": 27
        },
        "end": {
          "line": 22,
          "column": 1
        }
      },
      "7": {
        "start": {
          "line": 16,
          "column": 24
        },
        "end": {
          "line": 16,
          "column": 46
        }
      },
      "8": {
        "start": {
          "line": 17,
          "column": 24
        },
        "end": {
          "line": 17,
          "column": 80
        }
      },
      "9": {
        "start": {
          "line": 18,
          "column": 4
        },
        "end": {
          "line": 18,
          "column": 54
        }
      },
      "10": {
        "start": {
          "line": 19,
          "column": 20
        },
        "end": {
          "line": 19,
          "column": 44
        }
      },
      "11": {
        "start": {
          "line": 20,
          "column": 4
        },
        "end": {
          "line": 20,
          "column": 33
        }
      },
      "12": {
        "start": {
          "line": 21,
          "column": 4
        },
        "end": {
          "line": 21,
          "column": 19
        }
      },
      "13": {
        "start": {
          "line": 24,
          "column": 30
        },
        "end": {
          "line": 27,
          "column": 1
        }
      },
      "14": {
        "start": {
          "line": 25,
          "column": 22
        },
        "end": {
          "line": 25,
          "column": 44
        }
      },
      "15": {
        "start": {
          "line": 26,
          "column": 2
        },
        "end": {
          "line": 26,
          "column": 52
        }
      },
      "16": {
        "start": {
          "line": 29,
          "column": 32
        },
        "end": {
          "line": 33,
          "column": 1
        }
      },
      "17": {
        "start": {
          "line": 30,
          "column": 24
        },
        "end": {
          "line": 30,
          "column": 46
        }
      },
      "18": {
        "start": {
          "line": 31,
          "column": 20
        },
        "end": {
          "line": 31,
          "column": 65
        }
      },
      "19": {
        "start": {
          "line": 32,
          "column": 4
        },
        "end": {
          "line": 32,
          "column": 26
        }
      },
      "20": {
        "start": {
          "line": 35,
          "column": 27
        },
        "end": {
          "line": 42,
          "column": 1
        }
      },
      "21": {
        "start": {
          "line": 36,
          "column": 24
        },
        "end": {
          "line": 36,
          "column": 46
        }
      },
      "22": {
        "start": {
          "line": 37,
          "column": 24
        },
        "end": {
          "line": 37,
          "column": 70
        }
      },
      "23": {
        "start": {
          "line": 38,
          "column": 4
        },
        "end": {
          "line": 38,
          "column": 62
        }
      },
      "24": {
        "start": {
          "line": 39,
          "column": 20
        },
        "end": {
          "line": 39,
          "column": 44
        }
      },
      "25": {
        "start": {
          "line": 40,
          "column": 4
        },
        "end": {
          "line": 40,
          "column": 41
        }
      },
      "26": {
        "start": {
          "line": 41,
          "column": 4
        },
        "end": {
          "line": 41,
          "column": 19
        }
      },
      "27": {
        "start": {
          "line": 44,
          "column": 34
        },
        "end": {
          "line": 47,
          "column": 1
        }
      },
      "28": {
        "start": {
          "line": 45,
          "column": 24
        },
        "end": {
          "line": 45,
          "column": 46
        }
      },
      "29": {
        "start": {
          "line": 46,
          "column": 4
        },
        "end": {
          "line": 46,
          "column": 49
        }
      },
      "30": {
        "start": {
          "line": 49,
          "column": 29
        },
        "end": {
          "line": 58,
          "column": 1
        }
      },
      "31": {
        "start": {
          "line": 50,
          "column": 24
        },
        "end": {
          "line": 50,
          "column": 46
        }
      },
      "32": {
        "start": {
          "line": 51,
          "column": 19
        },
        "end": {
          "line": 51,
          "column": 60
        }
      },
      "33": {
        "start": {
          "line": 52,
          "column": 4
        },
        "end": {
          "line": 57,
          "column": 5
        }
      },
      "34": {
        "start": {
          "line": 60,
          "column": 30
        },
        "end": {
          "line": 68,
          "column": 1
        }
      },
      "35": {
        "start": {
          "line": 61,
          "column": 22
        },
        "end": {
          "line": 61,
          "column": 44
        }
      },
      "36": {
        "start": {
          "line": 62,
          "column": 15
        },
        "end": {
          "line": 62,
          "column": 41
        }
      },
      "37": {
        "start": {
          "line": 63,
          "column": 2
        },
        "end": {
          "line": 63,
          "column": 28
        }
      },
      "38": {
        "start": {
          "line": 64,
          "column": 22
        },
        "end": {
          "line": 64,
          "column": 68
        }
      },
      "39": {
        "start": {
          "line": 65,
          "column": 2
        },
        "end": {
          "line": 65,
          "column": 60
        }
      },
      "40": {
        "start": {
          "line": 66,
          "column": 2
        },
        "end": {
          "line": 66,
          "column": 27
        }
      },
      "41": {
        "start": {
          "line": 67,
          "column": 2
        },
        "end": {
          "line": 67,
          "column": 39
        }
      },
      "42": {
        "start": {
          "line": 70,
          "column": 28
        },
        "end": {
          "line": 73,
          "column": 1
        }
      },
      "43": {
        "start": {
          "line": 71,
          "column": 24
        },
        "end": {
          "line": 71,
          "column": 46
        }
      },
      "44": {
        "start": {
          "line": 72,
          "column": 4
        },
        "end": {
          "line": 72,
          "column": 42
        }
      },
      "45": {
        "start": {
          "line": 75,
          "column": 34
        },
        "end": {
          "line": 78,
          "column": 1
        }
      },
      "46": {
        "start": {
          "line": 76,
          "column": 24
        },
        "end": {
          "line": 76,
          "column": 46
        }
      },
      "47": {
        "start": {
          "line": 77,
          "column": 4
        },
        "end": {
          "line": 77,
          "column": 71
        }
      }
    },
    "fnMap": {
      "0": {
        "name": "(anonymous_0)",
        "decl": {
          "start": {
            "line": 10,
            "column": 23
          },
          "end": {
            "line": 10,
            "column": 24
          }
        },
        "loc": {
          "start": {
            "line": 10,
            "column": 35
          },
          "end": {
            "line": 13,
            "column": 1
          }
        },
        "line": 10
      },
      "1": {
        "name": "(anonymous_1)",
        "decl": {
          "start": {
            "line": 15,
            "column": 27
          },
          "end": {
            "line": 15,
            "column": 28
          }
        },
        "loc": {
          "start": {
            "line": 15,
            "column": 64
          },
          "end": {
            "line": 22,
            "column": 1
          }
        },
        "line": 15
      },
      "2": {
        "name": "(anonymous_2)",
        "decl": {
          "start": {
            "line": 24,
            "column": 30
          },
          "end": {
            "line": 24,
            "column": 31
          }
        },
        "loc": {
          "start": {
            "line": 24,
            "column": 42
          },
          "end": {
            "line": 27,
            "column": 1
          }
        },
        "line": 24
      },
      "3": {
        "name": "(anonymous_3)",
        "decl": {
          "start": {
            "line": 29,
            "column": 32
          },
          "end": {
            "line": 29,
            "column": 33
          }
        },
        "loc": {
          "start": {
            "line": 29,
            "column": 60
          },
          "end": {
            "line": 33,
            "column": 1
          }
        },
        "line": 29
      },
      "4": {
        "name": "(anonymous_4)",
        "decl": {
          "start": {
            "line": 35,
            "column": 27
          },
          "end": {
            "line": 35,
            "column": 28
          }
        },
        "loc": {
          "start": {
            "line": 35,
            "column": 54
          },
          "end": {
            "line": 42,
            "column": 1
          }
        },
        "line": 35
      },
      "5": {
        "name": "(anonymous_5)",
        "decl": {
          "start": {
            "line": 44,
            "column": 34
          },
          "end": {
            "line": 44,
            "column": 35
          }
        },
        "loc": {
          "start": {
            "line": 44,
            "column": 46
          },
          "end": {
            "line": 47,
            "column": 1
          }
        },
        "line": 44
      },
      "6": {
        "name": "(anonymous_6)",
        "decl": {
          "start": {
            "line": 49,
            "column": 29
          },
          "end": {
            "line": 49,
            "column": 30
          }
        },
        "loc": {
          "start": {
            "line": 49,
            "column": 49
          },
          "end": {
            "line": 58,
            "column": 1
          }
        },
        "line": 49
      },
      "7": {
        "name": "(anonymous_7)",
        "decl": {
          "start": {
            "line": 60,
            "column": 30
          },
          "end": {
            "line": 60,
            "column": 31
          }
        },
        "loc": {
          "start": {
            "line": 60,
            "column": 54
          },
          "end": {
            "line": 68,
            "column": 1
          }
        },
        "line": 60
      },
      "8": {
        "name": "(anonymous_8)",
        "decl": {
          "start": {
            "line": 70,
            "column": 28
          },
          "end": {
            "line": 70,
            "column": 29
          }
        },
        "loc": {
          "start": {
            "line": 70,
            "column": 48
          },
          "end": {
            "line": 73,
            "column": 1
          }
        },
        "line": 70
      },
      "9": {
        "name": "(anonymous_9)",
        "decl": {
          "start": {
            "line": 75,
            "column": 34
          },
          "end": {
            "line": 75,
            "column": 35
          }
        },
        "loc": {
          "start": {
            "line": 75,
            "column": 53
          },
          "end": {
            "line": 78,
            "column": 1
          }
        },
        "line": 75
      }
    },
    "branchMap": {},
    "s": {
      "0": 24,
      "1": 24,
      "2": 24,
      "3": 24,
      "4": 73,
      "5": 69,
      "6": 24,
      "7": 2,
      "8": 2,
      "9": 2,
      "10": 2,
      "11": 0,
      "12": 0,
      "13": 24,
      "14": 24,
      "15": 24,
      "16": 24,
      "17": 0,
      "18": 0,
      "19": 0,
      "20": 24,
      "21": 2,
      "22": 2,
      "23": 1,
      "24": 1,
      "25": 0,
      "26": 0,
      "27": 24,
      "28": 8,
      "29": 8,
      "30": 24,
      "31": 10,
      "32": 10,
      "33": 10,
      "34": 24,
      "35": 1,
      "36": 1,
      "37": 1,
      "38": 1,
      "39": 1,
      "40": 1,
      "41": 1,
      "42": 24,
      "43": 10,
      "44": 10,
      "45": 24,
      "46": 16,
      "47": 12
    },
    "f": {
      "0": 73,
      "1": 2,
      "2": 24,
      "3": 0,
      "4": 2,
      "5": 8,
      "6": 10,
      "7": 1,
      "8": 10,
      "9": 16
    },
    "b": {},
    "_coverageSchema": "1a1c01bbd47fc00a2c39e90264f33305004495a9",
    "hash": "70e09debb0c4ad7d3a0d89bbde57667ad4add2cb"
  },
  "/home/trbiv/OneDrive/School/Spring 2023/senior_design_pt2/NFTicket/front_end/src/interfaces/firebase_interface.js": {
    "path": "/home/trbiv/OneDrive/School/Spring 2023/senior_design_pt2/NFTicket/front_end/src/interfaces/firebase_interface.js",
    "statementMap": {
      "0": {
        "start": {
          "line": 12,
          "column": 25
        },
        "end": {
          "line": 26,
          "column": 1
        }
      },
      "1": {
        "start": {
          "line": 13,
          "column": 21
        },
        "end": {
          "line": 13,
          "column": 23
        }
      },
      "2": {
        "start": {
          "line": 14,
          "column": 2
        },
        "end": {
          "line": 14,
          "column": 47
        }
      },
      "3": {
        "start": {
          "line": 15,
          "column": 2
        },
        "end": {
          "line": 24,
          "column": 3
        }
      },
      "4": {
        "start": {
          "line": 15,
          "column": 15
        },
        "end": {
          "line": 15,
          "column": 16
        }
      },
      "5": {
        "start": {
          "line": 16,
          "column": 18
        },
        "end": {
          "line": 16,
          "column": 31
        }
      },
      "6": {
        "start": {
          "line": 17,
          "column": 4
        },
        "end": {
          "line": 23,
          "column": 7
        }
      },
      "7": {
        "start": {
          "line": 18,
          "column": 6
        },
        "end": {
          "line": 22,
          "column": 7
        }
      },
      "8": {
        "start": {
          "line": 19,
          "column": 8
        },
        "end": {
          "line": 19,
          "column": 40
        }
      },
      "9": {
        "start": {
          "line": 21,
          "column": 8
        },
        "end": {
          "line": 21,
          "column": 41
        }
      },
      "10": {
        "start": {
          "line": 25,
          "column": 2
        },
        "end": {
          "line": 25,
          "column": 20
        }
      },
      "11": {
        "start": {
          "line": 28,
          "column": 28
        },
        "end": {
          "line": 44,
          "column": 1
        }
      },
      "12": {
        "start": {
          "line": 29,
          "column": 16
        },
        "end": {
          "line": 29,
          "column": 29
        }
      },
      "13": {
        "start": {
          "line": 30,
          "column": 17
        },
        "end": {
          "line": 30,
          "column": 19
        }
      },
      "14": {
        "start": {
          "line": 31,
          "column": 2
        },
        "end": {
          "line": 41,
          "column": 7
        }
      },
      "15": {
        "start": {
          "line": 33,
          "column": 6
        },
        "end": {
          "line": 37,
          "column": 7
        }
      },
      "16": {
        "start": {
          "line": 34,
          "column": 8
        },
        "end": {
          "line": 34,
          "column": 36
        }
      },
      "17": {
        "start": {
          "line": 36,
          "column": 8
        },
        "end": {
          "line": 36,
          "column": 41
        }
      },
      "18": {
        "start": {
          "line": 40,
          "column": 6
        },
        "end": {
          "line": 40,
          "column": 27
        }
      },
      "19": {
        "start": {
          "line": 43,
          "column": 2
        },
        "end": {
          "line": 43,
          "column": 19
        }
      },
      "20": {
        "start": {
          "line": 46,
          "column": 28
        },
        "end": {
          "line": 62,
          "column": 1
        }
      },
      "21": {
        "start": {
          "line": 47,
          "column": 21
        },
        "end": {
          "line": 47,
          "column": 23
        }
      },
      "22": {
        "start": {
          "line": 48,
          "column": 22
        },
        "end": {
          "line": 48,
          "column": 44
        }
      },
      "23": {
        "start": {
          "line": 49,
          "column": 2
        },
        "end": {
          "line": 49,
          "column": 47
        }
      },
      "24": {
        "start": {
          "line": 50,
          "column": 2
        },
        "end": {
          "line": 60,
          "column": 3
        }
      },
      "25": {
        "start": {
          "line": 50,
          "column": 15
        },
        "end": {
          "line": 50,
          "column": 16
        }
      },
      "26": {
        "start": {
          "line": 51,
          "column": 18
        },
        "end": {
          "line": 51,
          "column": 31
        }
      },
      "27": {
        "start": {
          "line": 52,
          "column": 4
        },
        "end": {
          "line": 59,
          "column": 7
        }
      },
      "28": {
        "start": {
          "line": 53,
          "column": 6
        },
        "end": {
          "line": 58,
          "column": 7
        }
      },
      "29": {
        "start": {
          "line": 54,
          "column": 22
        },
        "end": {
          "line": 54,
          "column": 36
        }
      },
      "30": {
        "start": {
          "line": 55,
          "column": 8
        },
        "end": {
          "line": 55,
          "column": 31
        }
      },
      "31": {
        "start": {
          "line": 57,
          "column": 8
        },
        "end": {
          "line": 57,
          "column": 41
        }
      },
      "32": {
        "start": {
          "line": 61,
          "column": 2
        },
        "end": {
          "line": 61,
          "column": 20
        }
      },
      "33": {
        "start": {
          "line": 64,
          "column": 32
        },
        "end": {
          "line": 67,
          "column": 1
        }
      },
      "34": {
        "start": {
          "line": 65,
          "column": 20
        },
        "end": {
          "line": 65,
          "column": 32
        }
      },
      "35": {
        "start": {
          "line": 66,
          "column": 4
        },
        "end": {
          "line": 66,
          "column": 83
        }
      },
      "36": {
        "start": {
          "line": 69,
          "column": 30
        },
        "end": {
          "line": 82,
          "column": 1
        }
      },
      "37": {
        "start": {
          "line": 70,
          "column": 20
        },
        "end": {
          "line": 70,
          "column": 32
        }
      },
      "38": {
        "start": {
          "line": 71,
          "column": 24
        },
        "end": {
          "line": 71,
          "column": 66
        }
      },
      "39": {
        "start": {
          "line": 74,
          "column": 27
        },
        "end": {
          "line": 74,
          "column": 51
        }
      },
      "40": {
        "start": {
          "line": 77,
          "column": 17
        },
        "end": {
          "line": 77,
          "column": 71
        }
      },
      "41": {
        "start": {
          "line": 80,
          "column": 4
        },
        "end": {
          "line": 80,
          "column": 41
        }
      }
    },
    "fnMap": {
      "0": {
        "name": "(anonymous_0)",
        "decl": {
          "start": {
            "line": 12,
            "column": 25
          },
          "end": {
            "line": 12,
            "column": 26
          }
        },
        "loc": {
          "start": {
            "line": 12,
            "column": 48
          },
          "end": {
            "line": 26,
            "column": 1
          }
        },
        "line": 12
      },
      "1": {
        "name": "(anonymous_1)",
        "decl": {
          "start": {
            "line": 17,
            "column": 49
          },
          "end": {
            "line": 17,
            "column": 50
          }
        },
        "loc": {
          "start": {
            "line": 17,
            "column": 63
          },
          "end": {
            "line": 23,
            "column": 5
          }
        },
        "line": 17
      },
      "2": {
        "name": "(anonymous_2)",
        "decl": {
          "start": {
            "line": 28,
            "column": 28
          },
          "end": {
            "line": 28,
            "column": 29
          }
        },
        "loc": {
          "start": {
            "line": 28,
            "column": 47
          },
          "end": {
            "line": 44,
            "column": 1
          }
        },
        "line": 28
      },
      "3": {
        "name": "(anonymous_3)",
        "decl": {
          "start": {
            "line": 32,
            "column": 10
          },
          "end": {
            "line": 32,
            "column": 11
          }
        },
        "loc": {
          "start": {
            "line": 32,
            "column": 24
          },
          "end": {
            "line": 38,
            "column": 5
          }
        },
        "line": 32
      },
      "4": {
        "name": "(anonymous_4)",
        "decl": {
          "start": {
            "line": 39,
            "column": 11
          },
          "end": {
            "line": 39,
            "column": 12
          }
        },
        "loc": {
          "start": {
            "line": 39,
            "column": 22
          },
          "end": {
            "line": 41,
            "column": 5
          }
        },
        "line": 39
      },
      "5": {
        "name": "(anonymous_5)",
        "decl": {
          "start": {
            "line": 46,
            "column": 28
          },
          "end": {
            "line": 46,
            "column": 29
          }
        },
        "loc": {
          "start": {
            "line": 46,
            "column": 40
          },
          "end": {
            "line": 62,
            "column": 1
          }
        },
        "line": 46
      },
      "6": {
        "name": "(anonymous_6)",
        "decl": {
          "start": {
            "line": 52,
            "column": 48
          },
          "end": {
            "line": 52,
            "column": 49
          }
        },
        "loc": {
          "start": {
            "line": 52,
            "column": 62
          },
          "end": {
            "line": 59,
            "column": 5
          }
        },
        "line": 52
      },
      "7": {
        "name": "(anonymous_7)",
        "decl": {
          "start": {
            "line": 64,
            "column": 32
          },
          "end": {
            "line": 64,
            "column": 33
          }
        },
        "loc": {
          "start": {
            "line": 64,
            "column": 51
          },
          "end": {
            "line": 67,
            "column": 1
          }
        },
        "line": 64
      },
      "8": {
        "name": "(anonymous_8)",
        "decl": {
          "start": {
            "line": 69,
            "column": 30
          },
          "end": {
            "line": 69,
            "column": 31
          }
        },
        "loc": {
          "start": {
            "line": 69,
            "column": 54
          },
          "end": {
            "line": 82,
            "column": 1
          }
        },
        "line": 69
      }
    },
    "branchMap": {
      "0": {
        "loc": {
          "start": {
            "line": 18,
            "column": 6
          },
          "end": {
            "line": 22,
            "column": 7
          }
        },
        "type": "if",
        "locations": [
          {
            "start": {
              "line": 18,
              "column": 6
            },
            "end": {
              "line": 22,
              "column": 7
            }
          },
          {
            "start": {
              "line": 18,
              "column": 6
            },
            "end": {
              "line": 22,
              "column": 7
            }
          }
        ],
        "line": 18
      },
      "1": {
        "loc": {
          "start": {
            "line": 33,
            "column": 6
          },
          "end": {
            "line": 37,
            "column": 7
          }
        },
        "type": "if",
        "locations": [
          {
            "start": {
              "line": 33,
              "column": 6
            },
            "end": {
              "line": 37,
              "column": 7
            }
          },
          {
            "start": {
              "line": 33,
              "column": 6
            },
            "end": {
              "line": 37,
              "column": 7
            }
          }
        ],
        "line": 33
      },
      "2": {
        "loc": {
          "start": {
            "line": 53,
            "column": 6
          },
          "end": {
            "line": 58,
            "column": 7
          }
        },
        "type": "if",
        "locations": [
          {
            "start": {
              "line": 53,
              "column": 6
            },
            "end": {
              "line": 58,
              "column": 7
            }
          },
          {
            "start": {
              "line": 53,
              "column": 6
            },
            "end": {
              "line": 58,
              "column": 7
            }
          }
        ],
        "line": 53
      }
    },
    "s": {
      "0": 24,
      "1": 0,
      "2": 0,
      "3": 0,
      "4": 0,
      "5": 0,
      "6": 0,
      "7": 0,
      "8": 0,
      "9": 0,
      "10": 0,
      "11": 24,
      "12": 22,
      "13": 22,
      "14": 22,
      "15": 22,
      "16": 22,
      "17": 0,
      "18": 0,
      "19": 22,
      "20": 24,
      "21": 24,
      "22": 24,
      "23": 24,
      "24": 24,
      "25": 24,
      "26": 24,
      "27": 24,
      "28": 24,
      "29": 24,
      "30": 24,
      "31": 0,
      "32": 24,
      "33": 24,
      "34": 46,
      "35": 46,
      "36": 24,
      "37": 0,
      "38": 0,
      "39": 0,
      "40": 0,
      "41": 0
    },
    "f": {
      "0": 0,
      "1": 0,
      "2": 22,
      "3": 22,
      "4": 0,
      "5": 24,
      "6": 24,
      "7": 46,
      "8": 0
    },
    "b": {
      "0": [
        0,
        0
      ],
      "1": [
        22,
        0
      ],
      "2": [
        24,
        0
      ]
    },
    "_coverageSchema": "1a1c01bbd47fc00a2c39e90264f33305004495a9",
    "hash": "d706319079123b973a13e059078defa7359fb959"
  },
  "/home/trbiv/OneDrive/School/Spring 2023/senior_design_pt2/NFTicket/front_end/src/components/CreateEventForm.jsx": {
    "path": "/home/trbiv/OneDrive/School/Spring 2023/senior_design_pt2/NFTicket/front_end/src/components/CreateEventForm.jsx",
    "statementMap": {
      "0": {
        "start": {
          "line": 20,
          "column": 4
        },
        "end": {
          "line": 20,
          "column": 17
        }
      },
      "1": {
        "start": {
          "line": 21,
          "column": 4
        },
        "end": {
          "line": 29,
          "column": 6
        }
      },
      "2": {
        "start": {
          "line": 31,
          "column": 4
        },
        "end": {
          "line": 31,
          "column": 53
        }
      },
      "3": {
        "start": {
          "line": 32,
          "column": 4
        },
        "end": {
          "line": 32,
          "column": 53
        }
      },
      "4": {
        "start": {
          "line": 33,
          "column": 4
        },
        "end": {
          "line": 33,
          "column": 51
        }
      },
      "5": {
        "start": {
          "line": 38,
          "column": 4
        },
        "end": {
          "line": 38,
          "column": 53
        }
      },
      "6": {
        "start": {
          "line": 39,
          "column": 4
        },
        "end": {
          "line": 39,
          "column": 27
        }
      },
      "7": {
        "start": {
          "line": 43,
          "column": 4
        },
        "end": {
          "line": 82,
          "column": 7
        }
      },
      "8": {
        "start": {
          "line": 47,
          "column": 8
        },
        "end": {
          "line": 47,
          "column": 57
        }
      },
      "9": {
        "start": {
          "line": 48,
          "column": 8
        },
        "end": {
          "line": 81,
          "column": 11
        }
      },
      "10": {
        "start": {
          "line": 50,
          "column": 12
        },
        "end": {
          "line": 77,
          "column": 15
        }
      },
      "11": {
        "start": {
          "line": 52,
          "column": 14
        },
        "end": {
          "line": 52,
          "column": 47
        }
      },
      "12": {
        "start": {
          "line": 53,
          "column": 14
        },
        "end": {
          "line": 53,
          "column": 35
        }
      },
      "13": {
        "start": {
          "line": 54,
          "column": 14
        },
        "end": {
          "line": 54,
          "column": 52
        }
      },
      "14": {
        "start": {
          "line": 55,
          "column": 14
        },
        "end": {
          "line": 55,
          "column": 72
        }
      },
      "15": {
        "start": {
          "line": 58,
          "column": 14
        },
        "end": {
          "line": 60,
          "column": 16
        }
      },
      "16": {
        "start": {
          "line": 61,
          "column": 14
        },
        "end": {
          "line": 61,
          "column": 66
        }
      },
      "17": {
        "start": {
          "line": 64,
          "column": 31
        },
        "end": {
          "line": 68,
          "column": 15
        }
      },
      "18": {
        "start": {
          "line": 70,
          "column": 14
        },
        "end": {
          "line": 70,
          "column": 74
        }
      },
      "19": {
        "start": {
          "line": 71,
          "column": 14
        },
        "end": {
          "line": 74,
          "column": 15
        }
      },
      "20": {
        "start": {
          "line": 71,
          "column": 27
        },
        "end": {
          "line": 71,
          "column": 28
        }
      },
      "21": {
        "start": {
          "line": 72,
          "column": 35
        },
        "end": {
          "line": 72,
          "column": 56
        }
      },
      "22": {
        "start": {
          "line": 73,
          "column": 18
        },
        "end": {
          "line": 73,
          "column": 59
        }
      },
      "23": {
        "start": {
          "line": 79,
          "column": 12
        },
        "end": {
          "line": 79,
          "column": 58
        }
      },
      "24": {
        "start": {
          "line": 88,
          "column": 19
        },
        "end": {
          "line": 88,
          "column": 31
        }
      },
      "25": {
        "start": {
          "line": 89,
          "column": 18
        },
        "end": {
          "line": 89,
          "column": 30
        }
      },
      "26": {
        "start": {
          "line": 90,
          "column": 17
        },
        "end": {
          "line": 90,
          "column": 28
        }
      },
      "27": {
        "start": {
          "line": 92,
          "column": 4
        },
        "end": {
          "line": 94,
          "column": 7
        }
      },
      "28": {
        "start": {
          "line": 96,
          "column": 4
        },
        "end": {
          "line": 96,
          "column": 28
        }
      },
      "29": {
        "start": {
          "line": 101,
          "column": 23
        },
        "end": {
          "line": 101,
          "column": 67
        }
      },
      "30": {
        "start": {
          "line": 102,
          "column": 4
        },
        "end": {
          "line": 102,
          "column": 40
        }
      },
      "31": {
        "start": {
          "line": 103,
          "column": 4
        },
        "end": {
          "line": 103,
          "column": 34
        }
      },
      "32": {
        "start": {
          "line": 108,
          "column": 4
        },
        "end": {
          "line": 263,
          "column": 6
        }
      },
      "33": {
        "start": {
          "line": 224,
          "column": 22
        },
        "end": {
          "line": 224,
          "column": 61
        }
      },
      "34": {
        "start": {
          "line": 225,
          "column": 22
        },
        "end": {
          "line": 225,
          "column": 48
        }
      },
      "35": {
        "start": {
          "line": 235,
          "column": 35
        },
        "end": {
          "line": 235,
          "column": 55
        }
      },
      "36": {
        "start": {
          "line": 240,
          "column": 22
        },
        "end": {
          "line": 240,
          "column": 53
        }
      },
      "37": {
        "start": {
          "line": 241,
          "column": 22
        },
        "end": {
          "line": 241,
          "column": 74
        }
      }
    },
    "fnMap": {
      "0": {
        "name": "(anonymous_0)",
        "decl": {
          "start": {
            "line": 19,
            "column": 2
          },
          "end": {
            "line": 19,
            "column": 3
          }
        },
        "loc": {
          "start": {
            "line": 19,
            "column": 21
          },
          "end": {
            "line": 34,
            "column": 3
          }
        },
        "line": 19
      },
      "1": {
        "name": "(anonymous_1)",
        "decl": {
          "start": {
            "line": 37,
            "column": 2
          },
          "end": {
            "line": 37,
            "column": 3
          }
        },
        "loc": {
          "start": {
            "line": 37,
            "column": 28
          },
          "end": {
            "line": 83,
            "column": 3
          }
        },
        "line": 37
      },
      "2": {
        "name": "(anonymous_2)",
        "decl": {
          "start": {
            "line": 46,
            "column": 11
          },
          "end": {
            "line": 46,
            "column": 12
          }
        },
        "loc": {
          "start": {
            "line": 46,
            "column": 25
          },
          "end": {
            "line": 82,
            "column": 5
          }
        },
        "line": 46
      },
      "3": {
        "name": "(anonymous_3)",
        "decl": {
          "start": {
            "line": 48,
            "column": 30
          },
          "end": {
            "line": 48,
            "column": 31
          }
        },
        "loc": {
          "start": {
            "line": 48,
            "column": 43
          },
          "end": {
            "line": 81,
            "column": 9
          }
        },
        "line": 48
      },
      "4": {
        "name": "(anonymous_4)",
        "decl": {
          "start": {
            "line": 50,
            "column": 52
          },
          "end": {
            "line": 50,
            "column": 53
          }
        },
        "loc": {
          "start": {
            "line": 50,
            "column": 64
          },
          "end": {
            "line": 77,
            "column": 13
          }
        },
        "line": 50
      },
      "5": {
        "name": "(anonymous_5)",
        "decl": {
          "start": {
            "line": 87,
            "column": 2
          },
          "end": {
            "line": 87,
            "column": 3
          }
        },
        "loc": {
          "start": {
            "line": 87,
            "column": 22
          },
          "end": {
            "line": 97,
            "column": 3
          }
        },
        "line": 87
      },
      "6": {
        "name": "(anonymous_6)",
        "decl": {
          "start": {
            "line": 100,
            "column": 2
          },
          "end": {
            "line": 100,
            "column": 3
          }
        },
        "loc": {
          "start": {
            "line": 100,
            "column": 35
          },
          "end": {
            "line": 104,
            "column": 3
          }
        },
        "line": 100
      },
      "7": {
        "name": "(anonymous_7)",
        "decl": {
          "start": {
            "line": 107,
            "column": 2
          },
          "end": {
            "line": 107,
            "column": 3
          }
        },
        "loc": {
          "start": {
            "line": 107,
            "column": 11
          },
          "end": {
            "line": 264,
            "column": 3
          }
        },
        "line": 107
      },
      "8": {
        "name": "(anonymous_8)",
        "decl": {
          "start": {
            "line": 223,
            "column": 29
          },
          "end": {
            "line": 223,
            "column": 30
          }
        },
        "loc": {
          "start": {
            "line": 223,
            "column": 35
          },
          "end": {
            "line": 226,
            "column": 21
          }
        },
        "line": 223
      },
      "9": {
        "name": "(anonymous_9)",
        "decl": {
          "start": {
            "line": 235,
            "column": 25
          },
          "end": {
            "line": 235,
            "column": 26
          }
        },
        "loc": {
          "start": {
            "line": 235,
            "column": 35
          },
          "end": {
            "line": 235,
            "column": 55
          }
        },
        "line": 235
      },
      "10": {
        "name": "(anonymous_10)",
        "decl": {
          "start": {
            "line": 239,
            "column": 30
          },
          "end": {
            "line": 239,
            "column": 31
          }
        },
        "loc": {
          "start": {
            "line": 239,
            "column": 37
          },
          "end": {
            "line": 242,
            "column": 21
          }
        },
        "line": 239
      }
    },
    "branchMap": {
      "0": {
        "loc": {
          "start": {
            "line": 212,
            "column": 13
          },
          "end": {
            "line": 231,
            "column": 15
          }
        },
        "type": "binary-expr",
        "locations": [
          {
            "start": {
              "line": 212,
              "column": 13
            },
            "end": {
              "line": 212,
              "column": 37
            }
          },
          {
            "start": {
              "line": 213,
              "column": 16
            },
            "end": {
              "line": 230,
              "column": 22
            }
          }
        ],
        "line": 212
      },
      "1": {
        "loc": {
          "start": {
            "line": 232,
            "column": 15
          },
          "end": {
            "line": 247,
            "column": 15
          }
        },
        "type": "binary-expr",
        "locations": [
          {
            "start": {
              "line": 232,
              "column": 15
            },
            "end": {
              "line": 232,
              "column": 40
            }
          },
          {
            "start": {
              "line": 233,
              "column": 16
            },
            "end": {
              "line": 246,
              "column": 29
            }
          }
        ],
        "line": 232
      }
    },
    "s": {
      "0": 6,
      "1": 4,
      "2": 4,
      "3": 4,
      "4": 4,
      "5": 2,
      "6": 2,
      "7": 2,
      "8": 0,
      "9": 0,
      "10": 0,
      "11": 0,
      "12": 0,
      "13": 0,
      "14": 0,
      "15": 0,
      "16": 0,
      "17": 0,
      "18": 0,
      "19": 0,
      "20": 0,
      "21": 0,
      "22": 0,
      "23": 0,
      "24": 76,
      "25": 76,
      "26": 76,
      "27": 76,
      "28": 76,
      "29": 0,
      "30": 0,
      "31": 0,
      "32": 160,
      "33": 0,
      "34": 0,
      "35": 156,
      "36": 2,
      "37": 2
    },
    "f": {
      "0": 6,
      "1": 2,
      "2": 0,
      "3": 0,
      "4": 0,
      "5": 76,
      "6": 0,
      "7": 160,
      "8": 0,
      "9": 156,
      "10": 2
    },
    "b": {
      "0": [
        160,
        4
      ],
      "1": [
        160,
        156
      ]
    },
    "_coverageSchema": "1a1c01bbd47fc00a2c39e90264f33305004495a9",
    "hash": "7a96fcbca67d644c1c7f40a4c9e656010968a559"
  },
  "/home/trbiv/OneDrive/School/Spring 2023/senior_design_pt2/NFTicket/front_end/src/pages/CreateEvent.jsx": {
    "path": "/home/trbiv/OneDrive/School/Spring 2023/senior_design_pt2/NFTicket/front_end/src/pages/CreateEvent.jsx",
    "statementMap": {
      "0": {
        "start": {
          "line": 19,
          "column": 2
        },
        "end": {
          "line": 31,
          "column": 4
        }
      }
    },
    "fnMap": {
      "0": {
        "name": "CreateEvent",
        "decl": {
          "start": {
            "line": 6,
            "column": 24
          },
          "end": {
            "line": 6,
            "column": 35
          }
        },
        "loc": {
          "start": {
            "line": 6,
            "column": 39
          },
          "end": {
            "line": 32,
            "column": 1
          }
        },
        "line": 6
      }
    },
    "branchMap": {},
    "s": {
      "0": 6
    },
    "f": {
      "0": 6
    },
    "b": {},
    "_coverageSchema": "1a1c01bbd47fc00a2c39e90264f33305004495a9",
    "hash": "1c7605f7d101c2d14cc702259eccc744112ada83"
  },
  "/home/trbiv/OneDrive/School/Spring 2023/senior_design_pt2/NFTicket/front_end/src/components/TicketCard.jsx": {
    "path": "/home/trbiv/OneDrive/School/Spring 2023/senior_design_pt2/NFTicket/front_end/src/components/TicketCard.jsx",
    "statementMap": {
      "0": {
        "start": {
          "line": 20,
          "column": 14
        },
        "end": {
          "line": 30,
          "column": 1
        }
      },
      "1": {
        "start": {
          "line": 33,
          "column": 42
        },
        "end": {
          "line": 33,
          "column": 57
        }
      },
      "2": {
        "start": {
          "line": 34,
          "column": 36
        },
        "end": {
          "line": 34,
          "column": 48
        }
      },
      "3": {
        "start": {
          "line": 35,
          "column": 34
        },
        "end": {
          "line": 35,
          "column": 46
        }
      },
      "4": {
        "start": {
          "line": 36,
          "column": 36
        },
        "end": {
          "line": 36,
          "column": 48
        }
      },
      "5": {
        "start": {
          "line": 37,
          "column": 38
        },
        "end": {
          "line": 37,
          "column": 53
        }
      },
      "6": {
        "start": {
          "line": 40,
          "column": 2
        },
        "end": {
          "line": 46,
          "column": 16
        }
      },
      "7": {
        "start": {
          "line": 41,
          "column": 6
        },
        "end": {
          "line": 45,
          "column": 7
        }
      },
      "8": {
        "start": {
          "line": 42,
          "column": 10
        },
        "end": {
          "line": 44,
          "column": 14
        }
      },
      "9": {
        "start": {
          "line": 43,
          "column": 14
        },
        "end": {
          "line": 43,
          "column": 31
        }
      },
      "10": {
        "start": {
          "line": 48,
          "column": 2
        },
        "end": {
          "line": 55,
          "column": 8
        }
      },
      "11": {
        "start": {
          "line": 49,
          "column": 28
        },
        "end": {
          "line": 53,
          "column": 7
        }
      },
      "12": {
        "start": {
          "line": 50,
          "column": 23
        },
        "end": {
          "line": 50,
          "column": 56
        }
      },
      "13": {
        "start": {
          "line": 51,
          "column": 10
        },
        "end": {
          "line": 51,
          "column": 28
        }
      },
      "14": {
        "start": {
          "line": 52,
          "column": 10
        },
        "end": {
          "line": 52,
          "column": 29
        }
      },
      "15": {
        "start": {
          "line": 54,
          "column": 6
        },
        "end": {
          "line": 54,
          "column": 22
        }
      },
      "16": {
        "start": {
          "line": 58,
          "column": 19
        },
        "end": {
          "line": 64,
          "column": 3
        }
      },
      "17": {
        "start": {
          "line": 59,
          "column": 4
        },
        "end": {
          "line": 59,
          "column": 38
        }
      },
      "18": {
        "start": {
          "line": 60,
          "column": 4
        },
        "end": {
          "line": 60,
          "column": 32
        }
      },
      "19": {
        "start": {
          "line": 61,
          "column": 4
        },
        "end": {
          "line": 61,
          "column": 27
        }
      },
      "20": {
        "start": {
          "line": 62,
          "column": 4
        },
        "end": {
          "line": 62,
          "column": 52
        }
      },
      "21": {
        "start": {
          "line": 63,
          "column": 4
        },
        "end": {
          "line": 63,
          "column": 27
        }
      },
      "22": {
        "start": {
          "line": 66,
          "column": 4
        },
        "end": {
          "line": 148,
          "column": 6
        }
      },
      "23": {
        "start": {
          "line": 83,
          "column": 29
        },
        "end": {
          "line": 83,
          "column": 50
        }
      },
      "24": {
        "start": {
          "line": 90,
          "column": 31
        },
        "end": {
          "line": 90,
          "column": 50
        }
      },
      "25": {
        "start": {
          "line": 99,
          "column": 12
        },
        "end": {
          "line": 99,
          "column": 35
        }
      },
      "26": {
        "start": {
          "line": 112,
          "column": 16
        },
        "end": {
          "line": 112,
          "column": 45
        }
      },
      "27": {
        "start": {
          "line": 135,
          "column": 14
        },
        "end": {
          "line": 135,
          "column": 35
        }
      }
    },
    "fnMap": {
      "0": {
        "name": "TicketCard",
        "decl": {
          "start": {
            "line": 32,
            "column": 24
          },
          "end": {
            "line": 32,
            "column": 34
          }
        },
        "loc": {
          "start": {
            "line": 32,
            "column": 42
          },
          "end": {
            "line": 149,
            "column": 1
          }
        },
        "line": 32
      },
      "1": {
        "name": "(anonymous_1)",
        "decl": {
          "start": {
            "line": 40,
            "column": 12
          },
          "end": {
            "line": 40,
            "column": 13
          }
        },
        "loc": {
          "start": {
            "line": 40,
            "column": 18
          },
          "end": {
            "line": 46,
            "column": 3
          }
        },
        "line": 40
      },
      "2": {
        "name": "(anonymous_2)",
        "decl": {
          "start": {
            "line": 42,
            "column": 47
          },
          "end": {
            "line": 42,
            "column": 48
          }
        },
        "loc": {
          "start": {
            "line": 42,
            "column": 56
          },
          "end": {
            "line": 44,
            "column": 13
          }
        },
        "line": 42
      },
      "3": {
        "name": "(anonymous_3)",
        "decl": {
          "start": {
            "line": 48,
            "column": 12
          },
          "end": {
            "line": 48,
            "column": 13
          }
        },
        "loc": {
          "start": {
            "line": 48,
            "column": 18
          },
          "end": {
            "line": 55,
            "column": 3
          }
        },
        "line": 48
      },
      "4": {
        "name": "(anonymous_4)",
        "decl": {
          "start": {
            "line": 49,
            "column": 28
          },
          "end": {
            "line": 49,
            "column": 29
          }
        },
        "loc": {
          "start": {
            "line": 49,
            "column": 40
          },
          "end": {
            "line": 53,
            "column": 7
          }
        },
        "line": 49
      },
      "5": {
        "name": "(anonymous_5)",
        "decl": {
          "start": {
            "line": 58,
            "column": 19
          },
          "end": {
            "line": 58,
            "column": 20
          }
        },
        "loc": {
          "start": {
            "line": 58,
            "column": 31
          },
          "end": {
            "line": 64,
            "column": 3
          }
        },
        "line": 58
      },
      "6": {
        "name": "(anonymous_6)",
        "decl": {
          "start": {
            "line": 83,
            "column": 23
          },
          "end": {
            "line": 83,
            "column": 24
          }
        },
        "loc": {
          "start": {
            "line": 83,
            "column": 29
          },
          "end": {
            "line": 83,
            "column": 50
          }
        },
        "line": 83
      },
      "7": {
        "name": "(anonymous_7)",
        "decl": {
          "start": {
            "line": 90,
            "column": 25
          },
          "end": {
            "line": 90,
            "column": 26
          }
        },
        "loc": {
          "start": {
            "line": 90,
            "column": 31
          },
          "end": {
            "line": 90,
            "column": 50
          }
        },
        "line": 90
      },
      "8": {
        "name": "(anonymous_8)",
        "decl": {
          "start": {
            "line": 98,
            "column": 19
          },
          "end": {
            "line": 98,
            "column": 20
          }
        },
        "loc": {
          "start": {
            "line": 98,
            "column": 25
          },
          "end": {
            "line": 100,
            "column": 11
          }
        },
        "line": 98
      },
      "9": {
        "name": "(anonymous_9)",
        "decl": {
          "start": {
            "line": 111,
            "column": 24
          },
          "end": {
            "line": 111,
            "column": 25
          }
        },
        "loc": {
          "start": {
            "line": 111,
            "column": 31
          },
          "end": {
            "line": 113,
            "column": 15
          }
        },
        "line": 111
      },
      "10": {
        "name": "(anonymous_10)",
        "decl": {
          "start": {
            "line": 134,
            "column": 19
          },
          "end": {
            "line": 134,
            "column": 20
          }
        },
        "loc": {
          "start": {
            "line": 134,
            "column": 25
          },
          "end": {
            "line": 136,
            "column": 11
          }
        },
        "line": 134
      }
    },
    "branchMap": {
      "0": {
        "loc": {
          "start": {
            "line": 41,
            "column": 6
          },
          "end": {
            "line": 45,
            "column": 7
          }
        },
        "type": "if",
        "locations": [
          {
            "start": {
              "line": 41,
              "column": 6
            },
            "end": {
              "line": 45,
              "column": 7
            }
          },
          {
            "start": {
              "line": 41,
              "column": 6
            },
            "end": {
              "line": 45,
              "column": 7
            }
          }
        ],
        "line": 41
      }
    },
    "s": {
      "0": 24,
      "1": 131,
      "2": 128,
      "3": 128,
      "4": 128,
      "5": 128,
      "6": 128,
      "7": 15,
      "8": 10,
      "9": 10,
      "10": 128,
      "11": 10,
      "12": 10,
      "13": 10,
      "14": 10,
      "15": 10,
      "16": 128,
      "17": 1,
      "18": 1,
      "19": 1,
      "20": 1,
      "21": 1,
      "22": 128,
      "23": 1,
      "24": 1,
      "25": 0,
      "26": 42,
      "27": 0
    },
    "f": {
      "0": 131,
      "1": 15,
      "2": 10,
      "3": 10,
      "4": 10,
      "5": 1,
      "6": 1,
      "7": 1,
      "8": 0,
      "9": 42,
      "10": 0
    },
    "b": {
      "0": [
        10,
        5
      ]
    },
    "_coverageSchema": "1a1c01bbd47fc00a2c39e90264f33305004495a9",
    "hash": "b7f8adf003b624747aa5c8dfbf2c4e4bec6e8184"
  },
  "/home/trbiv/OneDrive/School/Spring 2023/senior_design_pt2/NFTicket/front_end/src/pages/MyTicketsPage.jsx": {
    "path": "/home/trbiv/OneDrive/School/Spring 2023/senior_design_pt2/NFTicket/front_end/src/pages/MyTicketsPage.jsx",
    "statementMap": {
      "0": {
        "start": {
          "line": 13,
          "column": 42
        },
        "end": {
          "line": 13,
          "column": 54
        }
      },
      "1": {
        "start": {
          "line": 18,
          "column": 20
        },
        "end": {
          "line": 18,
          "column": 46
        }
      },
      "2": {
        "start": {
          "line": 19,
          "column": 21
        },
        "end": {
          "line": 24,
          "column": 6
        }
      },
      "3": {
        "start": {
          "line": 21,
          "column": 12
        },
        "end": {
          "line": 21,
          "column": 68
        }
      },
      "4": {
        "start": {
          "line": 22,
          "column": 12
        },
        "end": {
          "line": 22,
          "column": 48
        }
      },
      "5": {
        "start": {
          "line": 25,
          "column": 25
        },
        "end": {
          "line": 25,
          "column": 52
        }
      },
      "6": {
        "start": {
          "line": 26,
          "column": 4
        },
        "end": {
          "line": 26,
          "column": 54
        }
      },
      "7": {
        "start": {
          "line": 27,
          "column": 4
        },
        "end": {
          "line": 27,
          "column": 33
        }
      },
      "8": {
        "start": {
          "line": 30,
          "column": 2
        },
        "end": {
          "line": 32,
          "column": 9
        }
      },
      "9": {
        "start": {
          "line": 31,
          "column": 4
        },
        "end": {
          "line": 31,
          "column": 18
        }
      },
      "10": {
        "start": {
          "line": 35,
          "column": 2
        },
        "end": {
          "line": 62,
          "column": 4
        }
      },
      "11": {
        "start": {
          "line": 47,
          "column": 24
        },
        "end": {
          "line": 55,
          "column": 25
        }
      }
    },
    "fnMap": {
      "0": {
        "name": "MyTicketsPage",
        "decl": {
          "start": {
            "line": 12,
            "column": 24
          },
          "end": {
            "line": 12,
            "column": 37
          }
        },
        "loc": {
          "start": {
            "line": 12,
            "column": 40
          },
          "end": {
            "line": 63,
            "column": 1
          }
        },
        "line": 12
      },
      "1": {
        "name": "loadTickets",
        "decl": {
          "start": {
            "line": 16,
            "column": 17
          },
          "end": {
            "line": 16,
            "column": 28
          }
        },
        "loc": {
          "start": {
            "line": 16,
            "column": 31
          },
          "end": {
            "line": 28,
            "column": 3
          }
        },
        "line": 16
      },
      "2": {
        "name": "(anonymous_2)",
        "decl": {
          "start": {
            "line": 19,
            "column": 33
          },
          "end": {
            "line": 19,
            "column": 34
          }
        },
        "loc": {
          "start": {
            "line": 19,
            "column": 45
          },
          "end": {
            "line": 24,
            "column": 5
          }
        },
        "line": 19
      },
      "3": {
        "name": "(anonymous_3)",
        "decl": {
          "start": {
            "line": 30,
            "column": 12
          },
          "end": {
            "line": 30,
            "column": 13
          }
        },
        "loc": {
          "start": {
            "line": 30,
            "column": 18
          },
          "end": {
            "line": 32,
            "column": 3
          }
        },
        "line": 30
      },
      "4": {
        "name": "(anonymous_4)",
        "decl": {
          "start": {
            "line": 46,
            "column": 37
          },
          "end": {
            "line": 46,
            "column": 38
          }
        },
        "loc": {
          "start": {
            "line": 46,
            "column": 47
          },
          "end": {
            "line": 56,
            "column": 21
          }
        },
        "line": 46
      }
    },
    "branchMap": {
      "0": {
        "loc": {
          "start": {
            "line": 45,
            "column": 18
          },
          "end": {
            "line": 56,
            "column": 22
          }
        },
        "type": "cond-expr",
        "locations": [
          {
            "start": {
              "line": 45,
              "column": 42
            },
            "end": {
              "line": 45,
              "column": 67
            }
          },
          {
            "start": {
              "line": 46,
              "column": 20
            },
            "end": {
              "line": 56,
              "column": 22
            }
          }
        ],
        "line": 45
      }
    },
    "s": {
      "0": 25,
      "1": 8,
      "2": 8,
      "3": 10,
      "4": 10,
      "5": 8,
      "6": 8,
      "7": 8,
      "8": 22,
      "9": 8,
      "10": 22,
      "11": 16
    },
    "f": {
      "0": 25,
      "1": 8,
      "2": 10,
      "3": 8,
      "4": 16
    },
    "b": {
      "0": [
        4,
        18
      ]
    },
    "_coverageSchema": "1a1c01bbd47fc00a2c39e90264f33305004495a9",
    "hash": "a7b3397efb2c3d2edf1157c19cf2dd459134633c"
  },
  "/home/trbiv/OneDrive/School/Spring 2023/senior_design_pt2/NFTicket/front_end/src/components/MintButton.jsx": {
    "path": "/home/trbiv/OneDrive/School/Spring 2023/senior_design_pt2/NFTicket/front_end/src/components/MintButton.jsx",
    "statementMap": {
      "0": {
        "start": {
          "line": 9,
          "column": 30
        },
        "end": {
          "line": 9,
          "column": 47
        }
      },
      "1": {
        "start": {
          "line": 11,
          "column": 18
        },
        "end": {
          "line": 11,
          "column": 31
        }
      },
      "2": {
        "start": {
          "line": 13,
          "column": 29
        },
        "end": {
          "line": 13,
          "column": 53
        }
      },
      "3": {
        "start": {
          "line": 15,
          "column": 23
        },
        "end": {
          "line": 17,
          "column": 3
        }
      },
      "4": {
        "start": {
          "line": 16,
          "column": 4
        },
        "end": {
          "line": 16,
          "column": 34
        }
      },
      "5": {
        "start": {
          "line": 19,
          "column": 21
        },
        "end": {
          "line": 24,
          "column": 3
        }
      },
      "6": {
        "start": {
          "line": 20,
          "column": 39
        },
        "end": {
          "line": 20,
          "column": 73
        }
      },
      "7": {
        "start": {
          "line": 21,
          "column": 4
        },
        "end": {
          "line": 21,
          "column": 51
        }
      },
      "8": {
        "start": {
          "line": 22,
          "column": 4
        },
        "end": {
          "line": 22,
          "column": 67
        }
      },
      "9": {
        "start": {
          "line": 23,
          "column": 4
        },
        "end": {
          "line": 23,
          "column": 48
        }
      },
      "10": {
        "start": {
          "line": 26,
          "column": 2
        },
        "end": {
          "line": 49,
          "column": 4
        }
      }
    },
    "fnMap": {
      "0": {
        "name": "MintButton",
        "decl": {
          "start": {
            "line": 8,
            "column": 24
          },
          "end": {
            "line": 8,
            "column": 34
          }
        },
        "loc": {
          "start": {
            "line": 8,
            "column": 42
          },
          "end": {
            "line": 50,
            "column": 1
          }
        },
        "line": 8
      },
      "1": {
        "name": "(anonymous_1)",
        "decl": {
          "start": {
            "line": 15,
            "column": 23
          },
          "end": {
            "line": 15,
            "column": 24
          }
        },
        "loc": {
          "start": {
            "line": 15,
            "column": 34
          },
          "end": {
            "line": 17,
            "column": 3
          }
        },
        "line": 15
      },
      "2": {
        "name": "(anonymous_2)",
        "decl": {
          "start": {
            "line": 19,
            "column": 21
          },
          "end": {
            "line": 19,
            "column": 22
          }
        },
        "loc": {
          "start": {
            "line": 19,
            "column": 33
          },
          "end": {
            "line": 24,
            "column": 3
          }
        },
        "line": 19
      }
    },
    "branchMap": {},
    "s": {
      "0": 58,
      "1": 58,
      "2": 58,
      "3": 58,
      "4": 4,
      "5": 58,
      "6": 2,
      "7": 0,
      "8": 0,
      "9": 0,
      "10": 58
    },
    "f": {
      "0": 58,
      "1": 4,
      "2": 2
    },
    "b": {},
    "_coverageSchema": "1a1c01bbd47fc00a2c39e90264f33305004495a9",
    "hash": "0c2abf5301a325ce48fee81bcf771f83d229f2bd"
  },
  "/home/trbiv/OneDrive/School/Spring 2023/senior_design_pt2/NFTicket/front_end/src/pages/Event.jsx": {
    "path": "/home/trbiv/OneDrive/School/Spring 2023/senior_design_pt2/NFTicket/front_end/src/pages/Event.jsx",
    "statementMap": {
      "0": {
        "start": {
          "line": 15,
          "column": 22
        },
        "end": {
          "line": 15,
          "column": 33
        }
      },
      "1": {
        "start": {
          "line": 16,
          "column": 36
        },
        "end": {
          "line": 21,
          "column": 4
        }
      },
      "2": {
        "start": {
          "line": 22,
          "column": 36
        },
        "end": {
          "line": 22,
          "column": 56
        }
      },
      "3": {
        "start": {
          "line": 23,
          "column": 48
        },
        "end": {
          "line": 23,
          "column": 68
        }
      },
      "4": {
        "start": {
          "line": 26,
          "column": 34
        },
        "end": {
          "line": 26,
          "column": 52
        }
      },
      "5": {
        "start": {
          "line": 27,
          "column": 2
        },
        "end": {
          "line": 33,
          "column": 16
        }
      },
      "6": {
        "start": {
          "line": 28,
          "column": 4
        },
        "end": {
          "line": 32,
          "column": 5
        }
      },
      "7": {
        "start": {
          "line": 29,
          "column": 8
        },
        "end": {
          "line": 31,
          "column": 10
        }
      },
      "8": {
        "start": {
          "line": 30,
          "column": 12
        },
        "end": {
          "line": 30,
          "column": 29
        }
      },
      "9": {
        "start": {
          "line": 36,
          "column": 31
        },
        "end": {
          "line": 40,
          "column": 3
        }
      },
      "10": {
        "start": {
          "line": 37,
          "column": 29
        },
        "end": {
          "line": 37,
          "column": 62
        }
      },
      "11": {
        "start": {
          "line": 38,
          "column": 4
        },
        "end": {
          "line": 38,
          "column": 40
        }
      },
      "12": {
        "start": {
          "line": 39,
          "column": 4
        },
        "end": {
          "line": 39,
          "column": 56
        }
      },
      "13": {
        "start": {
          "line": 42,
          "column": 26
        },
        "end": {
          "line": 54,
          "column": 3
        }
      },
      "14": {
        "start": {
          "line": 43,
          "column": 4
        },
        "end": {
          "line": 52,
          "column": 7
        }
      },
      "15": {
        "start": {
          "line": 44,
          "column": 6
        },
        "end": {
          "line": 44,
          "column": 44
        }
      },
      "16": {
        "start": {
          "line": 45,
          "column": 6
        },
        "end": {
          "line": 50,
          "column": 9
        }
      },
      "17": {
        "start": {
          "line": 56,
          "column": 2
        },
        "end": {
          "line": 61,
          "column": 24
        }
      },
      "18": {
        "start": {
          "line": 57,
          "column": 4
        },
        "end": {
          "line": 59,
          "column": 6
        }
      },
      "19": {
        "start": {
          "line": 58,
          "column": 6
        },
        "end": {
          "line": 58,
          "column": 24
        }
      },
      "20": {
        "start": {
          "line": 60,
          "column": 4
        },
        "end": {
          "line": 60,
          "column": 23
        }
      },
      "21": {
        "start": {
          "line": 63,
          "column": 28
        },
        "end": {
          "line": 69,
          "column": 3
        }
      },
      "22": {
        "start": {
          "line": 64,
          "column": 34
        },
        "end": {
          "line": 64,
          "column": 68
        }
      },
      "23": {
        "start": {
          "line": 65,
          "column": 4
        },
        "end": {
          "line": 65,
          "column": 46
        }
      },
      "24": {
        "start": {
          "line": 68,
          "column": 4
        },
        "end": {
          "line": 68,
          "column": 22
        }
      },
      "25": {
        "start": {
          "line": 72,
          "column": 2
        },
        "end": {
          "line": 74,
          "column": 3
        }
      },
      "26": {
        "start": {
          "line": 73,
          "column": 4
        },
        "end": {
          "line": 73,
          "column": 33
        }
      },
      "27": {
        "start": {
          "line": 75,
          "column": 2
        },
        "end": {
          "line": 137,
          "column": 4
        }
      }
    },
    "fnMap": {
      "0": {
        "name": "Event",
        "decl": {
          "start": {
            "line": 14,
            "column": 24
          },
          "end": {
            "line": 14,
            "column": 29
          }
        },
        "loc": {
          "start": {
            "line": 14,
            "column": 37
          },
          "end": {
            "line": 138,
            "column": 1
          }
        },
        "line": 14
      },
      "1": {
        "name": "(anonymous_1)",
        "decl": {
          "start": {
            "line": 27,
            "column": 12
          },
          "end": {
            "line": 27,
            "column": 13
          }
        },
        "loc": {
          "start": {
            "line": 27,
            "column": 18
          },
          "end": {
            "line": 33,
            "column": 3
          }
        },
        "line": 27
      },
      "2": {
        "name": "(anonymous_2)",
        "decl": {
          "start": {
            "line": 29,
            "column": 39
          },
          "end": {
            "line": 29,
            "column": 40
          }
        },
        "loc": {
          "start": {
            "line": 29,
            "column": 48
          },
          "end": {
            "line": 31,
            "column": 9
          }
        },
        "line": 29
      },
      "3": {
        "name": "(anonymous_3)",
        "decl": {
          "start": {
            "line": 36,
            "column": 31
          },
          "end": {
            "line": 36,
            "column": 32
          }
        },
        "loc": {
          "start": {
            "line": 36,
            "column": 43
          },
          "end": {
            "line": 40,
            "column": 3
          }
        },
        "line": 36
      },
      "4": {
        "name": "(anonymous_4)",
        "decl": {
          "start": {
            "line": 42,
            "column": 26
          },
          "end": {
            "line": 42,
            "column": 27
          }
        },
        "loc": {
          "start": {
            "line": 42,
            "column": 38
          },
          "end": {
            "line": 54,
            "column": 3
          }
        },
        "line": 42
      },
      "5": {
        "name": "(anonymous_5)",
        "decl": {
          "start": {
            "line": 43,
            "column": 31
          },
          "end": {
            "line": 43,
            "column": 32
          }
        },
        "loc": {
          "start": {
            "line": 43,
            "column": 46
          },
          "end": {
            "line": 52,
            "column": 5
          }
        },
        "line": 43
      },
      "6": {
        "name": "(anonymous_6)",
        "decl": {
          "start": {
            "line": 56,
            "column": 12
          },
          "end": {
            "line": 56,
            "column": 13
          }
        },
        "loc": {
          "start": {
            "line": 56,
            "column": 18
          },
          "end": {
            "line": 61,
            "column": 3
          }
        },
        "line": 56
      },
      "7": {
        "name": "(anonymous_7)",
        "decl": {
          "start": {
            "line": 57,
            "column": 32
          },
          "end": {
            "line": 57,
            "column": 33
          }
        },
        "loc": {
          "start": {
            "line": 57,
            "column": 38
          },
          "end": {
            "line": 59,
            "column": 5
          }
        },
        "line": 57
      },
      "8": {
        "name": "(anonymous_8)",
        "decl": {
          "start": {
            "line": 63,
            "column": 28
          },
          "end": {
            "line": 63,
            "column": 29
          }
        },
        "loc": {
          "start": {
            "line": 63,
            "column": 46
          },
          "end": {
            "line": 69,
            "column": 3
          }
        },
        "line": 63
      }
    },
    "branchMap": {
      "0": {
        "loc": {
          "start": {
            "line": 28,
            "column": 4
          },
          "end": {
            "line": 32,
            "column": 5
          }
        },
        "type": "if",
        "locations": [
          {
            "start": {
              "line": 28,
              "column": 4
            },
            "end": {
              "line": 32,
              "column": 5
            }
          },
          {
            "start": {
              "line": 28,
[...]
    "path": "/home/trbiv/OneDrive/School/Spring 2023/senior_design_pt2/NFTicket/front_end/src/components/EventCard.jsx",
    "statementMap": {
      "0": {
        "start": {
          "line": 12,
          "column": 34
        },
        "end": {
          "line": 12,
          "column": 52
        }
      },
      "1": {
        "start": {
          "line": 14,
          "column": 21
        },
        "end": {
          "line": 17,
          "column": 3
        }
      },
      "2": {
        "start": {
          "line": 15,
          "column": 4
        },
        "end": {
          "line": 15,
          "column": 34
        }
      },
      "3": {
        "start": {
          "line": 16,
          "column": 4
        },
        "end": {
          "line": 16,
          "column": 53
        }
      },
      "4": {
        "start": {
          "line": 19,
          "column": 2
        },
        "end": {
          "line": 25,
          "column": 16
        }
      },
      "5": {
        "start": {
          "line": 20,
          "column": 4
        },
        "end": {
          "line": 24,
          "column": 5
        }
      },
      "6": {
        "start": {
          "line": 21,
          "column": 8
        },
        "end": {
          "line": 23,
          "column": 10
        }
      },
      "7": {
        "start": {
          "line": 22,
          "column": 12
        },
        "end": {
          "line": 22,
          "column": 29
        }
      },
      "8": {
        "start": {
          "line": 27,
          "column": 2
        },
        "end": {
          "line": 67,
          "column": 4
        }
      }
    },
    "fnMap": {
      "0": {
        "name": "EventCard",
        "decl": {
          "start": {
            "line": 11,
            "column": 24
          },
          "end": {
            "line": 11,
            "column": 33
          }
        },
        "loc": {
          "start": {
            "line": 11,
            "column": 41
          },
          "end": {
            "line": 68,
            "column": 1
          }
        },
        "line": 11
      },
      "1": {
        "name": "(anonymous_1)",
        "decl": {
          "start": {
            "line": 14,
            "column": 21
          },
          "end": {
            "line": 14,
            "column": 22
          }
        },
        "loc": {
          "start": {
            "line": 14,
            "column": 33
          },
          "end": {
            "line": 17,
            "column": 3
          }
        },
        "line": 14
      },
      "2": {
        "name": "(anonymous_2)",
        "decl": {
          "start": {
            "line": 19,
            "column": 12
          },
          "end": {
            "line": 19,
            "column": 13
          }
        },
        "loc": {
          "start": {
            "line": 19,
            "column": 18
          },
          "end": {
            "line": 25,
            "column": 3
          }
        },
        "line": 19
      },
      "3": {
        "name": "(anonymous_3)",
        "decl": {
          "start": {
            "line": 21,
            "column": 45
          },
          "end": {
            "line": 21,
            "column": 46
          }
        },
        "loc": {
          "start": {
            "line": 21,
            "column": 54
          },
          "end": {
            "line": 23,
            "column": 9
          }
        },
        "line": 21
      }
    },
    "branchMap": {
      "0": {
        "loc": {
          "start": {
            "line": 20,
            "column": 4
          },
          "end": {
            "line": 24,
            "column": 5
          }
        },
        "type": "if",
        "locations": [
          {
            "start": {
              "line": 20,
              "column": 4
            },
            "end": {
              "line": 24,
              "column": 5
            }
          },
          {
            "start": {
              "line": 20,
              "column": 4
            },
            "end": {
              "line": 24,
              "column": 5
            }
          }
        ],
        "line": 20
      }
    },
    "s": {
      "0": 128,
      "1": 128,
      "2": 6,
      "3": 6,
      "4": 128,
      "5": 34,
      "6": 24,
      "7": 20,
      "8": 128
    },
    "f": {
      "0": 128,
      "1": 6,
      "2": 34,
      "3": 20
    },
    "b": {
      "0": [
        24,
        10
      ]
    },
    "_coverageSchema": "1a1c01bbd47fc00a2c39e90264f33305004495a9",
    "hash": "5652a9527a8514a14acc400779ba9a571265026f"
  },
  "/home/trbiv/OneDrive/School/Spring 2023/senior_design_pt2/NFTicket/front_end/src/pages/Events.jsx": {
    "path": "/home/trbiv/OneDrive/School/Spring 2023/senior_design_pt2/NFTicket/front_end/src/pages/Events.jsx",
    "statementMap": {
      "0": {
        "start": {
          "line": 12,
          "column": 15
        },
        "end": {
          "line": 142,
          "column": 1
        }
      },
      "1": {
        "start": {
          "line": 13,
          "column": 30
        },
        "end": {
          "line": 13,
          "column": 42
        }
      },
      "2": {
        "start": {
          "line": 14,
          "column": 36
        },
        "end": {
          "line": 14,
          "column": 50
        }
      },
      "3": {
        "start": {
          "line": 15,
          "column": 34
        },
        "end": {
          "line": 15,
          "column": 49
        }
      },
      "4": {
        "start": {
          "line": 16,
          "column": 38
        },
        "end": {
          "line": 16,
          "column": 50
        }
      },
      "5": {
        "start": {
          "line": 17,
          "column": 40
        },
        "end": {
          "line": 17,
          "column": 52
        }
      },
      "6": {
        "start": {
          "line": 19,
          "column": 23
        },
        "end": {
          "line": 38,
          "column": 3
        }
      },
      "7": {
        "start": {
          "line": 21,
          "column": 25
        },
        "end": {
          "line": 21,
          "column": 31
        }
      },
      "8": {
        "start": {
          "line": 22,
          "column": 4
        },
        "end": {
          "line": 26,
          "column": 5
        }
      },
      "9": {
        "start": {
          "line": 23,
          "column": 6
        },
        "end": {
          "line": 25,
          "column": 8
        }
      },
      "10": {
        "start": {
          "line": 24,
          "column": 19
        },
        "end": {
          "line": 24,
          "column": 51
        }
      },
      "11": {
        "start": {
          "line": 29,
          "column": 4
        },
        "end": {
          "line": 33,
          "column": 5
        }
      },
      "12": {
        "start": {
          "line": 30,
          "column": 6
        },
        "end": {
          "line": 32,
          "column": 8
        }
      },
      "13": {
        "start": {
          "line": 31,
          "column": 8
        },
        "end": {
          "line": 31,
          "column": 72
        }
      },
      "14": {
        "start": {
          "line": 35,
          "column": 4
        },
        "end": {
          "line": 35,
          "column": 32
        }
      },
      "15": {
        "start": {
          "line": 37,
          "column": 4
        },
        "end": {
          "line": 37,
          "column": 35
        }
      },
      "16": {
        "start": {
          "line": 40,
          "column": 23
        },
        "end": {
          "line": 43,
          "column": 3
        }
      },
      "17": {
        "start": {
          "line": 41,
          "column": 6
        },
        "end": {
          "line": 41,
          "column": 36
        }
      },
      "18": {
        "start": {
          "line": 42,
          "column": 6
        },
        "end": {
          "line": 42,
          "column": 21
        }
      },
      "19": {
        "start": {
          "line": 45,
          "column": 2
        },
        "end": {
          "line": 54,
          "column": 9
        }
      },
      "20": {
        "start": {
          "line": 47,
          "column": 22
        },
        "end": {
          "line": 47,
          "column": 42
        }
      },
      "21": {
        "start": {
          "line": 48,
          "column": 6
        },
        "end": {
          "line": 48,
          "column": 41
        }
      },
      "22": {
        "start": {
          "line": 49,
          "column": 6
        },
        "end": {
          "line": 49,
          "column": 27
        }
      },
      "23": {
        "start": {
          "line": 50,
          "column": 6
        },
        "end": {
          "line": 50,
          "column": 32
        }
      },
      "24": {
        "start": {
          "line": 51,
          "column": 6
        },
        "end": {
          "line": 51,
          "column": 26
        }
      },
      "25": {
        "start": {
          "line": 53,
          "column": 4
        },
        "end": {
          "line": 53,
          "column": 16
        }
      },
      "26": {
        "start": {
          "line": 56,
          "column": 2
        },
        "end": {
          "line": 58,
          "column": 3
        }
      },
      "27": {
        "start": {
          "line": 57,
          "column": 4
        },
        "end": {
          "line": 57,
          "column": 33
        }
      },
      "28": {
        "start": {
          "line": 59,
          "column": 2
        },
        "end": {
          "line": 141,
          "column": 4
        }
      },
      "29": {
        "start": {
          "line": 81,
          "column": 27
        },
        "end": {
          "line": 81,
          "column": 54
        }
      },
      "30": {
        "start": {
          "line": 118,
          "column": 18
        },
        "end": {
          "line": 135,
          "column": 20
        }
      }
    },
    "fnMap": {
      "0": {
        "name": "(anonymous_0)",
        "decl": {
          "start": {
            "line": 12,
            "column": 15
          },
          "end": {
            "line": 12,
            "column": 16
          }
        },
        "loc": {
          "start": {
            "line": 12,
            "column": 21
          },
          "end": {
            "line": 142,
            "column": 1
          }
        },
        "line": 12
      },
      "1": {
        "name": "(anonymous_1)",
        "decl": {
          "start": {
            "line": 19,
            "column": 23
          },
          "end": {
            "line": 19,
            "column": 24
          }
        },
        "loc": {
          "start": {
            "line": 19,
            "column": 29
          },
          "end": {
            "line": 38,
            "column": 3
          }
        },
        "line": 19
      },
      "2": {
        "name": "(anonymous_2)",
        "decl": {
          "start": {
            "line": 24,
            "column": 8
          },
          "end": {
            "line": 24,
            "column": 9
          }
        },
        "loc": {
          "start": {
            "line": 24,
            "column": 19
          },
          "end": {
            "line": 24,
            "column": 51
          }
        },
        "line": 24
      },
      "3": {
        "name": "(anonymous_3)",
        "decl": {
          "start": {
            "line": 30,
            "column": 45
          },
          "end": {
            "line": 30,
            "column": 46
          }
        },
        "loc": {
          "start": {
            "line": 31,
            "column": 8
          },
          "end": {
            "line": 31,
            "column": 72
          }
        },
        "line": 31
      },
      "4": {
        "name": "(anonymous_4)",
        "decl": {
          "start": {
            "line": 40,
            "column": 23
          },
          "end": {
            "line": 40,
            "column": 24
          }
        },
        "loc": {
          "start": {
            "line": 40,
            "column": 30
          },
          "end": {
            "line": 43,
            "column": 3
          }
        },
        "line": 40
      },
      "5": {
        "name": "(anonymous_5)",
        "decl": {
          "start": {
            "line": 45,
            "column": 12
          },
          "end": {
            "line": 45,
            "column": 13
          }
        },
        "loc": {
          "start": {
            "line": 45,
            "column": 18
          },
          "end": {
            "line": 54,
            "column": 3
          }
        },
        "line": 45
      },
      "6": {
        "name": "getEvents",
        "decl": {
          "start": {
            "line": 46,
            "column": 19
          },
          "end": {
            "line": 46,
            "column": 28
          }
        },
        "loc": {
          "start": {
            "line": 46,
            "column": 31
          },
          "end": {
            "line": 52,
            "column": 5
          }
        },
        "line": 46
      },
      "7": {
        "name": "(anonymous_7)",
        "decl": {
          "start": {
            "line": 81,
            "column": 20
          },
          "end": {
            "line": 81,
            "column": 21
          }
        },
        "loc": {
          "start": {
            "line": 81,
            "column": 27
          },
          "end": {
            "line": 81,
            "column": 54
          }
        },
        "line": 81
      },
      "8": {
        "name": "(anonymous_8)",
        "decl": {
          "start": {
            "line": 117,
            "column": 32
          },
          "end": {
            "line": 117,
            "column": 33
          }
        },
        "loc": {
          "start": {
            "line": 117,
            "column": 43
          },
          "end": {
            "line": 136,
            "column": 17
          }
        },
        "line": 117
      }
    },
    "branchMap": {
      "0": {
        "loc": {
          "start": {
            "line": 22,
            "column": 4
          },
          "end": {
            "line": 26,
            "column": 5
          }
        },
        "type": "if",
        "locations": [
          {
            "start": {
              "line": 22,
              "column": 4
            },
            "end": {
              "line": 26,
              "column": 5
            }
          },
          {
            "start": {
              "line": 22,
              "column": 4
            },
            "end": {
              "line": 26,
              "column": 5
            }
          }
        ],
        "line": 22
      },
      "1": {
        "loc": {
          "start": {
            "line": 29,
            "column": 4
          },
          "end": {
            "line": 33,
            "column": 5
          }
        },
        "type": "if",
        "locations": [
          {
            "start": {
              "line": 29,
              "column": 4
            },
            "end": {
              "line": 33,
              "column": 5
            }
          },
          {
            "start": {
              "line": 29,
              "column": 4
            },
            "end": {
              "line": 33,
              "column": 5
            }
          }
        ],
        "line": 29
      },
      "2": {
        "loc": {
          "start": {
            "line": 56,
            "column": 2
          },
          "end": {
            "line": 58,
            "column": 3
          }
        },
        "type": "if",
        "locations": [
          {
            "start": {
              "line": 56,
              "column": 2
            },
            "end": {
              "line": 58,
              "column": 3
            }
          },
          {
            "start": {
              "line": 56,
              "column": 2
            },
            "end": {
              "line": 58,
              "column": 3
            }
          }
        ],
        "line": 56
      },
      "3": {
        "loc": {
          "start": {
            "line": 115,
            "column": 13
          },
          "end": {
            "line": 136,
            "column": 18
          }
        },
        "type": "cond-expr",
        "locations": [
          {
            "start": {
              "line": 116,
              "column": 16
            },
            "end": {
              "line": 116,
              "column": 55
            }
          },
          {
            "start": {
              "line": 117,
              "column": 16
            },
            "end": {
              "line": 136,
              "column": 18
            }
          }
        ],
        "line": 115
      }
    },
    "s": {
      "0": 24,
      "1": 184,
      "2": 184,
      "3": 184,
      "4": 184,
      "5": 184,
      "6": 184,
      "7": 62,
      "8": 62,
      "9": 4,
      "10": 4,
      "11": 62,
      "12": 54,
      "13": 54,
      "14": 62,
      "15": 62,
      "16": 184,
      "17": 58,
      "18": 58,
      "19": 184,
      "20": 24,
      "21": 24,
      "22": 24,
      "23": 24,
      "24": 24,
      "25": 24,
      "26": 184,
      "27": 24,
      "28": 160,
      "29": 4,
      "30": 92
    },
    "f": {
      "0": 184,
      "1": 62,
      "2": 4,
      "3": 54,
      "4": 58,
      "5": 24,
      "6": 24,
      "7": 4,
      "8": 92
    },
    "b": {
      "0": [
        4,
        58
      ],
      "1": [
        54,
        8
      ],
      "2": [
        24,
        160
      ],
      "3": [
        68,
        92
      ]
    },
    "_coverageSchema": "1a1c01bbd47fc00a2c39e90264f33305004495a9",
    "hash": "8f661ef19a8be2769f4b6900d1953ae8b8041659"
  },
  "/home/trbiv/OneDrive/School/Spring 2023/senior_design_pt2/NFTicket/front_end/src/App.js": {
    "path": "/home/trbiv/OneDrive/School/Spring 2023/senior_design_pt2/NFTicket/front_end/src/App.js",
    "statementMap": {
      "0": {
        "start": {
          "line": 12,
          "column": 2
        },
        "end": {
          "line": 25,
          "column": 4
        }
      }
    },
    "fnMap": {
      "0": {
        "name": "App",
        "decl": {
          "start": {
            "line": 11,
            "column": 9
          },
          "end": {
            "line": 11,
            "column": 12
          }
        },
        "loc": {
          "start": {
            "line": 11,
            "column": 15
          },
          "end": {
            "line": 26,
            "column": 1
          }
        },
        "line": 11
      }
    },
    "branchMap": {},
    "s": {
      "0": 59
    },
    "f": {
      "0": 59
    },
    "b": {},
    "_coverageSchema": "1a1c01bbd47fc00a2c39e90264f33305004495a9",
    "hash": "fac011cbecc5d0de1b8f3e2327c4a198401500d3"
  },
  "/home/trbiv/OneDrive/School/Spring 2023/senior_design_pt2/NFTicket/front_end/src/index.js": {
    "path": "/home/trbiv/OneDrive/School/Spring 2023/senior_design_pt2/NFTicket/front_end/src/index.js",
    "statementMap": {
      "0": {
        "start": {
          "line": 6,
          "column": 13
        },
        "end": {
          "line": 6,
          "column": 65
        }
      },
      "1": {
        "start": {
          "line": 7,
          "column": 0
        },
        "end": {
          "line": 11,
          "column": 2
        }
      }
    },
    "fnMap": {},
    "branchMap": {},
    "s": {
      "0": 24,
      "1": 24
    },
    "f": {},
    "b": {},
    "_coverageSchema": "1a1c01bbd47fc00a2c39e90264f33305004495a9",
    "hash": "4912a7bb2b5efba51c0ad656c53ded70c14a0488"
  }
}