TN:
SF:/home/trbiv/OneDrive/School/Spring 2023/senior_design_pt2/NFTicket/contracts/NFTicket.sol
FN:33,constructor
FN:38,createEvent
FN:45,setEventUri
FN:49,mintTickets
FN:78,generateTicketId
FN:85,redeemTicket
FN:90,transferTicket
FN:98,removeTicketId
FN:112,getLastEventId
FN:116,getEventInfo
FN:120,getAllOwnedTickets
FN:124,getTicketInfo
FN:128,getRemainingAvailTickets
FNF:13
FNH:12
FNDA:18,constructor
FNDA:7,createEvent
FNDA:0,setEventUri
FNDA:7,mintTickets
FNDA:17,generateTicketId
FNDA:2,redeemTicket
FNDA:1,transferTicket
FNDA:1,removeTicketId
FNDA:2,getLastEventId
FNDA:3,getEventInfo
FNDA:7,getAllOwnedTickets
FNDA:5,getTicketInfo
FNDA:1,getRemainingAvailTickets
DA:34,18
DA:39,7
DA:40,7
DA:41,7
DA:42,7
DA:46,0
DA:51,7
DA:52,7
DA:55,7
DA:56,7
DA:57,7
DA:59,7
DA:60,17
DA:61,17
DA:62,17
DA:63,17
DA:65,7
DA:69,7
DA:70,17
DA:71,17
DA:72,17
DA:73,17
DA:79,17
DA:80,17
DA:82,17
DA:86,2
DA:87,1
DA:91,1
DA:92,1
DA:93,1
DA:94,1
DA:95,1
DA:99,1
DA:100,1
DA:101,1
DA:102,3
DA:103,2
DA:104,2
DA:107,1
DA:113,2
DA:117,3
DA:121,7
DA:125,5
DA:129,1
LF:44
LH:43
BRDA:51,1,0,7
BRDA:51,1,1,0
BRDA:52,2,0,7
BRDA:52,2,1,0
BRDA:79,3,0,17
BRDA:79,3,1,0
BRDA:80,4,0,17
BRDA:80,4,1,0
BRDA:86,5,0,1
BRDA:86,5,1,1
BRDA:91,6,0,1
BRDA:91,6,1,0
BRDA:102,7,0,2
BRDA:102,7,1,1
BRF:14
BRH:9
end_of_record
